\BOOKMARK [1][-]{section.1}{Indledning}{}% 1
\BOOKMARK [1][-]{section.2}{Krav}{}% 2
\BOOKMARK [1][-]{section.3}{Akt\370rbeskrivelse}{}% 3
\BOOKMARK [1][-]{section.4}{Use case beskrivelse}{}% 4
\BOOKMARK [2][-]{subsubsection.4.0.1}{UC 1 - ADD DEVICE}{section.4}% 5
\BOOKMARK [3][-]{subsubsection.4.0.2}{UC 2 - REMOVE DEVICE}{subsubsection.4.0.1}% 6
\BOOKMARK [3][-]{subsubsection.4.0.3}{UC 3 - LOCK ON / LOCK OFF / AUTO}{subsubsection.4.0.1}% 7
\BOOKMARK [1][-]{section.5}{Sekvensdiagram}{}% 8
\BOOKMARK [1][-]{section.6}{Ikke-funktionelle krav}{}% 9
\BOOKMARK [2][-]{subsection.6.1}{Problemrelateret krav}{section.6}% 10
\BOOKMARK [2][-]{subsection.6.2}{System og algoritme krav}{section.6}% 11
\BOOKMARK [2][-]{subsection.6.3}{Afledte krav}{section.6}% 12
\BOOKMARK [1][-]{section.7}{System beskrivelse}{}% 13
\BOOKMARK [2][-]{subsection.7.1}{Blokbeskrivelse BA-TA}{section.7}% 14
\BOOKMARK [2][-]{subsection.7.2}{Internal Block Diagram for BA-TA}{section.7}% 15
\BOOKMARK [2][-]{subsection.7.3}{Entity Relationship Diagram for BA-TA}{section.7}% 16
\BOOKMARK [1][-]{section.8}{Bruger Gr\346nse Flade}{}% 17
\BOOKMARK [1][-]{section.9}{Graphic display driver}{}% 18
\BOOKMARK [1][-]{section.10}{Display driver}{}% 19
\BOOKMARK [1][-]{section.11}{Touch driver}{}% 20
\BOOKMARK [1][-]{section.12}{Fordele og ulemper}{}% 21
